<?xml version="1.0" encoding="UTF-8"?>
<testsuite xmlns:xsi="http://www.w3.org/2001/XMLSchema-instance" xsi:noNamespaceSchemaLocation="https://maven.apache.org/surefire/maven-surefire-plugin/xsd/surefire-test-report-3.0.xsd" version="3.0" name="microservices.book.multiplication.Mservice.MultiplicationServiceTest" time="5.187" tests="1" errors="0" skipped="0" failures="0">
  <properties>
[...]
</properties>
  <testcase name="createRandomMultiplicationTest" classname="microservices.book.multiplication.Mservice.MultiplicationServiceTest" time="0.214">
    <system-out><![CDATA[09:25:39.629 [main] INFO org.springframework.test.context.support.AnnotationConfigContextLoaderUtils -- Could not detect default configuration classes for test class [microservices.book.multiplication.Mservice.MultiplicationServiceTest]: MultiplicationServiceTest does not declare any static, non-private, non-final, nested classes annotated with @Configuration.
09:25:39.885 [main] INFO org.springframework.boot.test.context.SpringBootTestContextBootstrapper -- Found @SpringBootConfiguration microservices.book.multiplication.SocialMultiplicationApplication for test class microservices.book.multiplication.Mservice.MultiplicationServiceTest

  .   ____          _            __ _ _
 /\\ / ___'_ __ _ _(_)_ __  __ _ \ \ \ \
( ( )\___ | '_ | '_| | '_ \/ _` | \ \ \ \
 \\/  ___)| |_)| | | | | || (_| |  ) ) ) )
  '  |____| .__|_| |_|_| |_\__, | / / / /
 =========|_|==============|___/=/_/_/_/
 :: Spring Boot ::                (v3.2.4)

2024-04-04T09:25:40.833+02:00  INFO 1132 --- [social-multiplication] [           main] m.b.m.M.MultiplicationServiceTest        : Starting MultiplicationServiceTest using Java 20.0.1 with PID 1132 (started by ndelgado in C:\java\repositorio\Java\Mis-Pruebas\social-multiplication)
2024-04-04T09:25:40.838+02:00  INFO 1132 --- [social-multiplication] [           main] m.b.m.M.MultiplicationServiceTest        : No active profile set, falling back to 1 default profile: "default"
2024-04-04T09:25:44.126+02:00  INFO 1132 --- [social-multiplication] [           main] m.b.m.M.MultiplicationServiceTest        : Started MultiplicationServiceTest in 3.939 seconds (process running for 6.3)
]]></system-out>
  </testcase>
</testsuite>