<?xml version="1.0" encoding="UTF-8"?>
<testsuite xmlns:xsi="http://www.w3.org/2001/XMLSchema-instance" xsi:noNamespaceSchemaLocation="https://maven.apache.org/surefire/maven-surefire-plugin/xsd/surefire-test-report-3.0.xsd" version="3.0" name="microservices.book.multiplication.Mservice.RandomGeneratorServiceTest" time="5.878" tests="1" errors="0" skipped="0" failures="0">
  <properties>
[...]
</properties>
  <testcase name="generateRandomFactorIsBetweenExpectedLimits" classname="microservices.book.multiplication.Mservice.RandomGeneratorServiceTest" time="2.687">
    <system-out><![CDATA[10:03:29.818 [main] INFO org.springframework.test.context.support.AnnotationConfigContextLoaderUtils -- Could not detect default configuration classes for test class [microservices.book.multiplication.Mservice.RandomGeneratorServiceTest]: RandomGeneratorServiceTest does not declare any static, non-private, non-final, nested classes annotated with @Configuration.
10:03:30.131 [main] INFO org.springframework.boot.test.context.SpringBootTestContextBootstrapper -- Found @SpringBootConfiguration microservices.book.multiplication.SocialMultiplicationApplication for test class microservices.book.multiplication.Mservice.RandomGeneratorServiceTest

  .   ____          _            __ _ _
 /\\ / ___'_ __ _ _(_)_ __  __ _ \ \ \ \
( ( )\___ | '_ | '_| | '_ \/ _` | \ \ \ \
 \\/  ___)| |_)| | | | | || (_| |  ) ) ) )
  '  |____| .__|_| |_|_| |_\__, | / / / /
 =========|_|==============|___/=/_/_/_/
 :: Spring Boot ::                (v3.2.4)

2024-04-04T10:03:31.318+02:00  INFO 4280 --- [social-multiplication] [           main] m.b.m.M.RandomGeneratorServiceTest       : Starting RandomGeneratorServiceTest using Java 20.0.1 with PID 4280 (started by ndelgado in C:\java\repositorio\Java\Mis-Pruebas\social-multiplication)
2024-04-04T10:03:31.321+02:00  INFO 4280 --- [social-multiplication] [           main] m.b.m.M.RandomGeneratorServiceTest       : No active profile set, falling back to 1 default profile: "default"
2024-04-04T10:03:32.507+02:00  INFO 4280 --- [social-multiplication] [           main] m.b.m.M.RandomGeneratorServiceTest       : Started RandomGeneratorServiceTest in 1.966 seconds (process running for 4.418)
95
39
68
96
23
12
36
51
35
12
40
89
32
98
16
57
70
77
26
56
46
55
39
79
58
85
87
15
69
73
79
32
73
13
74
64
98
94
36
39
29
33
17
26
78
93
52
88
66
37
67
58
17
66
84
38
34
92
28
77
53
58
42
31
89
67
96
61
69
32
54
35
32
53
42
99
80
56
74
99
50
74
33
56
26
64
85
87
39
76
32
37
49
76
42
32
89
79
69
45
79
73
83
35
73
98
33
77
42
49
88
68
37
24
57
74
20
99
84
34
65
96
19
54
50
70
56
82
89
20
25
25
18
37
85
89
89
47
89
37
25
50
29
69
23
62
55
82
30
36
25
88
39
77
80
96
47
30
46
36
47
14
78
87
37
46
45
84
43
46
89
72
42
33
85
29
29
58
34
11
41
68
79
60
24
91
67
24
25
78
46
75
26
40
81
87
52
93
86
27
16
33
79
70
70
68
30
54
38
34
61
18
59
40
81
55
98
33
74
76
56
93
57
33
52
40
95
89
35
35
28
91
52
19
60
47
13
60
33
80
77
51
21
90
88
47
84
33
36
66
81
38
83
59
28
85
83
34
64
63
75
41
92
79
36
32
71
17
37
50
93
68
66
55
64
80
13
38
23
34
89
92
37
80
98
53
69
42
91
78
86
52
60
67
31
48
24
96
12
70
24
93
68
52
52
19
16
43
23
95
53
27
16
43
97
89
85
93
60
68
28
34
40
29
34
53
56
16
87
13
47
11
11
80
24
71
57
36
91
38
92
33
93
38
34
88
32
45
72
30
33
67
71
72
28
27
73
60
49
28
95
79
11
92
43
40
35
13
30
60
25
35
36
13
80
15
20
53
50
87
34
14
67
20
46
47
94
65
24
95
50
14
26
60
76
88
89
18
64
26
51
81
88
37
31
74
63
50
54
16
22
13
97
54
87
39
72
37
51
36
44
62
92
13
29
13
82
21
51
79
72
59
43
98
26
69
19
78
22
94
77
13
27
50
56
35
77
97
72
29
53
79
21
57
95
16
14
27
98
63
29
70
83
18
84
11
92
57
92
52
50
56
65
26
92
78
61
80
33
82
87
55
11
54
94
71
27
54
12
50
13
70
22
92
16
80
48
66
64
15
26
39
30
47
92
65
25
83
39
84
35
74
78
60
78
45
34
95
68
69
20
39
58
83
30
46
27
38
74
78
90
23
39
44
97
15
72
96
78
79
36
76
99
74
47
29
50
98
60
14
96
67
94
18
63
48
25
23
71
18
97
85
70
58
99
85
45
87
62
90
41
38
32
51
12
18
88
27
95
64
24
39
81
32
35
74
81
71
95
75
23
26
38
36
63
94
19
33
98
46
68
18
15
58
45
75
43
36
84
54
22
91
97
22
30
81
20
48
36
39
36
28
36
11
52
63
82
91
27
83
43
58
59
25
80
73
28
46
92
51
16
50
63
99
65
85
86
21
79
85
65
39
74
22
94
68
35
97
49
64
96
64
74
15
37
75
38
88
28
36
95
17
43
70
86
31
95
50
56
18
13
41
72
14
29
31
43
60
82
17
82
92
83
91
15
26
34
72
11
95
56
30
59
56
55
81
28
73
57
89
23
74
75
72
74
94
74
63
99
28
76
73
31
22
81
29
67
98
57
69
90
78
45
83
21
28
91
61
78
87
33
97
84
79
27
69
88
33
71
65
60
69
44
43
59
17
65
19
48
54
77
38
59
21
63
91
91
20
27
62
64
63
21
23
84
21
30
39
65
50
70
60
61
40
52
73
46
18
67
74
92
26
39
24
22
74
13
48
45
49
95
30
86
14
67
77
27
14
89
25
47
41
39
50
60
86
44
36
48
74
49
19
84
98
49
31
31
44
52
17
18
99
50
20
65
20
28
76
48
33
20
85
67
97
39
66
64
50
24
30
63
99
63
14
15
63
83
55
17
64
45
69
34
61
25
68
58
23
88
85
60
39
34
21
35
82
88
94
88
68
32
62
72
79
75
95
56
33
33
88
38
44
68
21
85
33
54
18
41
29
26
22
61
56
46
88
82
61
95
78
31
53
76
18
27
83
21
47
38
58
82
50
38
70
62
88
23
88
64
79
89
16
69
77
97
79
11
19
28
55
42
44
76
54
56
25
15
15
92
73
36
71
72
79
88
33
85
33
14
82
89
97
35
79
13
57
75
33
23
57
87
76
80
75
43
28
25
55
59
88
71
74
67
99
70
78
45
25
66
38
11
24
44
15
23
79
46
58
39
22
]]></system-out>
  </testcase>
</testsuite>